<?xml version="1.0" encoding="UTF-8"?>
<testsuite xmlns:xsi="http://www.w3.org/2001/XMLSchema-instance" xsi:noNamespaceSchemaLocation="https://maven.apache.org/surefire/maven-surefire-plugin/xsd/surefire-test-report.xsd" name="TestSuite" time="230.607" tests="2" errors="0" skipped="0" failures="2">
  <properties>
    <property name="java.specification.version" value="17"/>
    <property name="sun.cpu.isalist" value="amd64"/>
    <property name="sun.jnu.encoding" value="Cp1252"/>
    <property name="java.class.path" value="C:\Users\senthilvel.sanka\eclipse-workspace\Anglo_America2\target\test-classes;C:\Users\senthilvel.sanka\eclipse-workspace\Anglo_America2\target\classes;C:\Users\senthilvel.sanka\.m2\repository\org\seleniumhq\selenium\selenium-java\3.12.0\selenium-java-3.12.0.jar;C:\Users\senthilvel.sanka\.m2\repository\org\seleniumhq\selenium\selenium-api\3.12.0\selenium-api-3.12.0.jar;C:\Users\senthilvel.sanka\.m2\repository\org\seleniumhq\selenium\selenium-chrome-driver\3.12.0\selenium-chrome-driver-3.12.0.jar;C:\Users\senthilvel.sanka\.m2\repository\org\seleniumhq\selenium\selenium-edge-driver\3.12.0\selenium-edge-driver-3.12.0.jar;C:\Users\senthilvel.sanka\.m2\repository\org\seleniumhq\selenium\selenium-firefox-driver\3.12.0\selenium-firefox-driver-3.12.0.jar;C:\Users\senthilvel.sanka\.m2\repository\org\seleniumhq\selenium\selenium-ie-driver\3.12.0\selenium-ie-driver-3.12.0.jar;C:\Users\senthilvel.sanka\.m2\repository\org\seleniumhq\selenium\selenium-opera-driver\3.12.0\selenium-opera-driver-3.12.0.jar;C:\Users\senthilvel.sanka\.m2\repository\org\seleniumhq\selenium\selenium-remote-driver\3.12.0\selenium-remote-driver-3.12.0.jar;C:\Users\senthilvel.sanka\.m2\repository\org\seleniumhq\selenium\selenium-safari-driver\3.12.0\selenium-safari-driver-3.12.0.jar;C:\Users\senthilvel.sanka\.m2\repository\org\seleniumhq\selenium\selenium-support\3.12.0\selenium-support-3.12.0.jar;C:\Users\senthilvel.sanka\.m2\repository\net\bytebuddy\byte-buddy\1.8.3\byte-buddy-1.8.3.jar;C:\Users\senthilvel.sanka\.m2\repository\org\apache\commons\commons-exec\1.3\commons-exec-1.3.jar;C:\Users\senthilvel.sanka\.m2\repository\commons-codec\commons-codec\1.10\commons-codec-1.10.jar;C:\Users\senthilvel.sanka\.m2\repository\commons-logging\commons-logging\1.2\commons-logging-1.2.jar;C:\Users\senthilvel.sanka\.m2\repository\com\google\code\gson\gson\2.8.2\gson-2.8.2.jar;C:\Users\senthilvel.sanka\.m2\repository\com\google\guava\guava\23.6-jre\guava-23.6-jre.jar;C:\Users\senthilvel.sanka\.m2\repository\com\google\code\findbugs\jsr305\1.3.9\jsr305-1.3.9.jar;C:\Users\senthilvel.sanka\.m2\repository\org\checkerframework\checker-compat-qual\2.0.0\checker-compat-qual-2.0.0.jar;C:\Users\senthilvel.sanka\.m2\repository\com\google\errorprone\error_prone_annotations\2.1.3\error_prone_annotations-2.1.3.jar;C:\Users\senthilvel.sanka\.m2\repository\com\google\j2objc\j2objc-annotations\1.1\j2objc-annotations-1.1.jar;C:\Users\senthilvel.sanka\.m2\repository\org\codehaus\mojo\animal-sniffer-annotations\1.14\animal-sniffer-annotations-1.14.jar;C:\Users\senthilvel.sanka\.m2\repository\org\apache\httpcomponents\httpclient\4.5.3\httpclient-4.5.3.jar;C:\Users\senthilvel.sanka\.m2\repository\org\apache\httpcomponents\httpcore\4.4.6\httpcore-4.4.6.jar;C:\Users\senthilvel.sanka\.m2\repository\com\squareup\okhttp3\okhttp\3.9.1\okhttp-3.9.1.jar;C:\Users\senthilvel.sanka\.m2\repository\com\squareup\okio\okio\1.13.0\okio-1.13.0.jar;C:\Users\senthilvel.sanka\.m2\repository\org\testng\testng\6.14.3\testng-6.14.3.jar;C:\Users\senthilvel.sanka\.m2\repository\com\beust\jcommander\1.72\jcommander-1.72.jar;C:\Users\senthilvel.sanka\.m2\repository\org\apache-extras\beanshell\bsh\2.0b6\bsh-2.0b6.jar;C:\Users\senthilvel.sanka\.m2\repository\org\apache\poi\poi\3.17\poi-3.17.jar;C:\Users\senthilvel.sanka\.m2\repository\org\apache\commons\commons-collections4\4.1\commons-collections4-4.1.jar;C:\Users\senthilvel.sanka\.m2\repository\org\apache\poi\poi-ooxml\3.17\poi-ooxml-3.17.jar;C:\Users\senthilvel.sanka\.m2\repository\org\apache\poi\poi-ooxml-schemas\3.17\poi-ooxml-schemas-3.17.jar;C:\Users\senthilvel.sanka\.m2\repository\org\apache\xmlbeans\xmlbeans\2.6.0\xmlbeans-2.6.0.jar;C:\Users\senthilvel.sanka\.m2\repository\stax\stax-api\1.0.1\stax-api-1.0.1.jar;C:\Users\senthilvel.sanka\.m2\repository\com\github\virtuald\curvesapi\1.04\curvesapi-1.04.jar;C:\Users\senthilvel.sanka\.m2\repository\commons-io\commons-io\2.6\commons-io-2.6.jar;C:\Users\senthilvel.sanka\.m2\repository\io\github\bonigarcia\webdrivermanager\3.2.0\webdrivermanager-3.2.0.jar;C:\Users\senthilvel.sanka\.m2\repository\org\slf4j\slf4j-api\1.7.25\slf4j-api-1.7.25.jar;C:\Users\senthilvel.sanka\.m2\repository\org\apache\commons\commons-lang3\3.8.1\commons-lang3-3.8.1.jar;C:\Users\senthilvel.sanka\.m2\repository\org\rauschig\jarchivelib\1.0.0\jarchivelib-1.0.0.jar;C:\Users\senthilvel.sanka\.m2\repository\org\apache\commons\commons-compress\1.18\commons-compress-1.18.jar;C:\Users\senthilvel.sanka\.m2\repository\org\jsoup\jsoup\1.11.3\jsoup-1.11.3.jar;C:\Users\senthilvel.sanka\.m2\repository\log4j\log4j\1.2.17\log4j-1.2.17.jar;C:\Users\senthilvel.sanka\.m2\repository\com\aventstack\extentreports\3.0.0\extentreports-3.0.0.jar;C:\Users\senthilvel.sanka\.m2\repository\org\freemarker\freemarker\2.3.23\freemarker-2.3.23.jar;C:\Users\senthilvel.sanka\.m2\repository\org\mongodb\mongodb-driver\3.3.0\mongodb-driver-3.3.0.jar;C:\Users\senthilvel.sanka\.m2\repository\org\mongodb\bson\3.3.0\bson-3.3.0.jar;C:\Users\senthilvel.sanka\.m2\repository\org\mongodb\mongodb-driver-core\3.3.0\mongodb-driver-core-3.3.0.jar;C:\Users\senthilvel.sanka\.m2\repository\org\apache\httpcomponents\httpmime\4.5.2\httpmime-4.5.2.jar;C:\Users\senthilvel.sanka\.m2\repository\com\googlecode\json-simple\json-simple\1.1.1\json-simple-1.1.1.jar;C:\Users\senthilvel.sanka\.m2\repository\junit\junit\4.10\junit-4.10.jar;C:\Users\senthilvel.sanka\.m2\repository\org\hamcrest\hamcrest-core\1.1\hamcrest-core-1.1.jar;C:\Users\senthilvel.sanka\.m2\repository\org\yaml\snakeyaml\1.26\snakeyaml-1.26.jar;C:\Users\senthilvel.sanka\.m2\repository\com\sikulix\sikulixapi\1.1.2\sikulixapi-1.1.2.jar;C:\Users\senthilvel.sanka\.m2\repository\commons-cli\commons-cli\1.2\commons-cli-1.2.jar;C:\Users\senthilvel.sanka\.m2\repository\commons-net\commons-net\3.4\commons-net-3.4.jar;C:\Users\senthilvel.sanka\.m2\repository\com\github\tulskiy\jkeymaster\1.2\jkeymaster-1.2.jar;C:\Users\senthilvel.sanka\.m2\repository\net\java\dev\jna\jna\4.2.1\jna-4.2.1.jar;C:\Users\senthilvel.sanka\.m2\repository\org\slf4j\slf4j-nop\1.7.25\slf4j-nop-1.7.25.jar;C:\Users\senthilvel.sanka\.m2\repository\com\melloware\jintellitype\1.3.7\jintellitype-1.3.7.jar;C:\Users\senthilvel.sanka\.m2\repository\com\nativelibs4java\bridj\0.7.0\bridj-0.7.0.jar;C:\Users\senthilvel.sanka\.m2\repository\com\google\android\tools\dx\1.7\dx-1.7.jar;C:\Users\senthilvel.sanka\.m2\repository\com\sikulix\sikulixlibswin\1.1.1\sikulixlibswin-1.1.1.jar;C:\Users\senthilvel.sanka\.m2\repository\com\sikulix\sikulix2tigervnc\2.0.0-SNAPSHOT\sikulix2tigervnc-2.0.0-SNAPSHOT.jar;"/>
    <property name="java.vm.vendor" value="Eclipse Adoptium"/>
    <property name="sun.arch.data.model" value="64"/>
    <property name="user.variant" value=""/>
    <property name="java.vendor.url" value="https://adoptium.net/"/>
    <property name="user.timezone" value="Asia/Calcutta"/>
    <property name="os.name" value="Windows 10"/>
    <property name="java.vm.specification.version" value="17"/>
    <property name="sun.java.launcher" value="SUN_STANDARD"/>
    <property name="user.country" value="US"/>
    <property name="sun.boot.library.path" value="C:\PlatformX\eclipse-java-2021-12-R-win32-x86_64\eclipse\plugins\org.eclipse.justj.openjdk.hotspot.jre.full.win32.x86_64_17.0.1.v20211116-1657\jre\bin"/>
    <property name="sun.java.command" value="C:\Users\SENTHI~1.SAN\AppData\Local\Temp\surefire7476963610337315480\surefirebooter10190984655467119376.jar C:\Users\senthilvel.sanka\AppData\Local\Temp\surefire7476963610337315480 2021-12-28T15-47-52_384-jvmRun1 surefire7618308668762690444tmp surefire_09716243488263175011tmp"/>
    <property name="jdk.debug" value="release"/>
    <property name="surefire.test.class.path" value="C:\Users\senthilvel.sanka\eclipse-workspace\Anglo_America2\target\test-classes;C:\Users\senthilvel.sanka\eclipse-workspace\Anglo_America2\target\classes;C:\Users\senthilvel.sanka\.m2\repository\org\seleniumhq\selenium\selenium-java\3.12.0\selenium-java-3.12.0.jar;C:\Users\senthilvel.sanka\.m2\repository\org\seleniumhq\selenium\selenium-api\3.12.0\selenium-api-3.12.0.jar;C:\Users\senthilvel.sanka\.m2\repository\org\seleniumhq\selenium\selenium-chrome-driver\3.12.0\selenium-chrome-driver-3.12.0.jar;C:\Users\senthilvel.sanka\.m2\repository\org\seleniumhq\selenium\selenium-edge-driver\3.12.0\selenium-edge-driver-3.12.0.jar;C:\Users\senthilvel.sanka\.m2\repository\org\seleniumhq\selenium\selenium-firefox-driver\3.12.0\selenium-firefox-driver-3.12.0.jar;C:\Users\senthilvel.sanka\.m2\repository\org\seleniumhq\selenium\selenium-ie-driver\3.12.0\selenium-ie-driver-3.12.0.jar;C:\Users\senthilvel.sanka\.m2\repository\org\seleniumhq\selenium\selenium-opera-driver\3.12.0\selenium-opera-driver-3.12.0.jar;C:\Users\senthilvel.sanka\.m2\repository\org\seleniumhq\selenium\selenium-remote-driver\3.12.0\selenium-remote-driver-3.12.0.jar;C:\Users\senthilvel.sanka\.m2\repository\org\seleniumhq\selenium\selenium-safari-driver\3.12.0\selenium-safari-driver-3.12.0.jar;C:\Users\senthilvel.sanka\.m2\repository\org\seleniumhq\selenium\selenium-support\3.12.0\selenium-support-3.12.0.jar;C:\Users\senthilvel.sanka\.m2\repository\net\bytebuddy\byte-buddy\1.8.3\byte-buddy-1.8.3.jar;C:\Users\senthilvel.sanka\.m2\repository\org\apache\commons\commons-exec\1.3\commons-exec-1.3.jar;C:\Users\senthilvel.sanka\.m2\repository\commons-codec\commons-codec\1.10\commons-codec-1.10.jar;C:\Users\senthilvel.sanka\.m2\repository\commons-logging\commons-logging\1.2\commons-logging-1.2.jar;C:\Users\senthilvel.sanka\.m2\repository\com\google\code\gson\gson\2.8.2\gson-2.8.2.jar;C:\Users\senthilvel.sanka\.m2\repository\com\google\guava\guava\23.6-jre\guava-23.6-jre.jar;C:\Users\senthilvel.sanka\.m2\repository\com\google\code\findbugs\jsr305\1.3.9\jsr305-1.3.9.jar;C:\Users\senthilvel.sanka\.m2\repository\org\checkerframework\checker-compat-qual\2.0.0\checker-compat-qual-2.0.0.jar;C:\Users\senthilvel.sanka\.m2\repository\com\google\errorprone\error_prone_annotations\2.1.3\error_prone_annotations-2.1.3.jar;C:\Users\senthilvel.sanka\.m2\repository\com\google\j2objc\j2objc-annotations\1.1\j2objc-annotations-1.1.jar;C:\Users\senthilvel.sanka\.m2\repository\org\codehaus\mojo\animal-sniffer-annotations\1.14\animal-sniffer-annotations-1.14.jar;C:\Users\senthilvel.sanka\.m2\repository\org\apache\httpcomponents\httpclient\4.5.3\httpclient-4.5.3.jar;C:\Users\senthilvel.sanka\.m2\repository\org\apache\httpcomponents\httpcore\4.4.6\httpcore-4.4.6.jar;C:\Users\senthilvel.sanka\.m2\repository\com\squareup\okhttp3\okhttp\3.9.1\okhttp-3.9.1.jar;C:\Users\senthilvel.sanka\.m2\repository\com\squareup\okio\okio\1.13.0\okio-1.13.0.jar;C:\Users\senthilvel.sanka\.m2\repository\org\testng\testng\6.14.3\testng-6.14.3.jar;C:\Users\senthilvel.sanka\.m2\repository\com\beust\jcommander\1.72\jcommander-1.72.jar;C:\Users\senthilvel.sanka\.m2\repository\org\apache-extras\beanshell\bsh\2.0b6\bsh-2.0b6.jar;C:\Users\senthilvel.sanka\.m2\repository\org\apache\poi\poi\3.17\poi-3.17.jar;C:\Users\senthilvel.sanka\.m2\repository\org\apache\commons\commons-collections4\4.1\commons-collections4-4.1.jar;C:\Users\senthilvel.sanka\.m2\repository\org\apache\poi\poi-ooxml\3.17\poi-ooxml-3.17.jar;C:\Users\senthilvel.sanka\.m2\repository\org\apache\poi\poi-ooxml-schemas\3.17\poi-ooxml-schemas-3.17.jar;C:\Users\senthilvel.sanka\.m2\repository\org\apache\xmlbeans\xmlbeans\2.6.0\xmlbeans-2.6.0.jar;C:\Users\senthilvel.sanka\.m2\repository\stax\stax-api\1.0.1\stax-api-1.0.1.jar;C:\Users\senthilvel.sanka\.m2\repository\com\github\virtuald\curvesapi\1.04\curvesapi-1.04.jar;C:\Users\senthilvel.sanka\.m2\repository\commons-io\commons-io\2.6\commons-io-2.6.jar;C:\Users\senthilvel.sanka\.m2\repository\io\github\bonigarcia\webdrivermanager\3.2.0\webdrivermanager-3.2.0.jar;C:\Users\senthilvel.sanka\.m2\repository\org\slf4j\slf4j-api\1.7.25\slf4j-api-1.7.25.jar;C:\Users\senthilvel.sanka\.m2\repository\org\apache\commons\commons-lang3\3.8.1\commons-lang3-3.8.1.jar;C:\Users\senthilvel.sanka\.m2\repository\org\rauschig\jarchivelib\1.0.0\jarchivelib-1.0.0.jar;C:\Users\senthilvel.sanka\.m2\repository\org\apache\commons\commons-compress\1.18\commons-compress-1.18.jar;C:\Users\senthilvel.sanka\.m2\repository\org\jsoup\jsoup\1.11.3\jsoup-1.11.3.jar;C:\Users\senthilvel.sanka\.m2\repository\log4j\log4j\1.2.17\log4j-1.2.17.jar;C:\Users\senthilvel.sanka\.m2\repository\com\aventstack\extentreports\3.0.0\extentreports-3.0.0.jar;C:\Users\senthilvel.sanka\.m2\repository\org\freemarker\freemarker\2.3.23\freemarker-2.3.23.jar;C:\Users\senthilvel.sanka\.m2\repository\org\mongodb\mongodb-driver\3.3.0\mongodb-driver-3.3.0.jar;C:\Users\senthilvel.sanka\.m2\repository\org\mongodb\bson\3.3.0\bson-3.3.0.jar;C:\Users\senthilvel.sanka\.m2\repository\org\mongodb\mongodb-driver-core\3.3.0\mongodb-driver-core-3.3.0.jar;C:\Users\senthilvel.sanka\.m2\repository\org\apache\httpcomponents\httpmime\4.5.2\httpmime-4.5.2.jar;C:\Users\senthilvel.sanka\.m2\repository\com\googlecode\json-simple\json-simple\1.1.1\json-simple-1.1.1.jar;C:\Users\senthilvel.sanka\.m2\repository\junit\junit\4.10\junit-4.10.jar;C:\Users\senthilvel.sanka\.m2\repository\org\hamcrest\hamcrest-core\1.1\hamcrest-core-1.1.jar;C:\Users\senthilvel.sanka\.m2\repository\org\yaml\snakeyaml\1.26\snakeyaml-1.26.jar;C:\Users\senthilvel.sanka\.m2\repository\com\sikulix\sikulixapi\1.1.2\sikulixapi-1.1.2.jar;C:\Users\senthilvel.sanka\.m2\repository\commons-cli\commons-cli\1.2\commons-cli-1.2.jar;C:\Users\senthilvel.sanka\.m2\repository\commons-net\commons-net\3.4\commons-net-3.4.jar;C:\Users\senthilvel.sanka\.m2\repository\com\github\tulskiy\jkeymaster\1.2\jkeymaster-1.2.jar;C:\Users\senthilvel.sanka\.m2\repository\net\java\dev\jna\jna\4.2.1\jna-4.2.1.jar;C:\Users\senthilvel.sanka\.m2\repository\org\slf4j\slf4j-nop\1.7.25\slf4j-nop-1.7.25.jar;C:\Users\senthilvel.sanka\.m2\repository\com\melloware\jintellitype\1.3.7\jintellitype-1.3.7.jar;C:\Users\senthilvel.sanka\.m2\repository\com\nativelibs4java\bridj\0.7.0\bridj-0.7.0.jar;C:\Users\senthilvel.sanka\.m2\repository\com\google\android\tools\dx\1.7\dx-1.7.jar;C:\Users\senthilvel.sanka\.m2\repository\com\sikulix\sikulixlibswin\1.1.1\sikulixlibswin-1.1.1.jar;C:\Users\senthilvel.sanka\.m2\repository\com\sikulix\sikulix2tigervnc\2.0.0-SNAPSHOT\sikulix2tigervnc-2.0.0-SNAPSHOT.jar;"/>
    <property name="sun.cpu.endian" value="little"/>
    <property name="user.home" value="C:\Users\senthilvel.sanka"/>
    <property name="user.language" value="en"/>
    <property name="java.specification.vendor" value="Oracle Corporation"/>
    <property name="java.version.date" value="2021-10-19"/>
    <property name="java.home" value="C:\PlatformX\eclipse-java-2021-12-R-win32-x86_64\eclipse\plugins\org.eclipse.justj.openjdk.hotspot.jre.full.win32.x86_64_17.0.1.v20211116-1657\jre"/>
    <property name="file.separator" value="\"/>
    <property name="basedir" value="C:\Users\senthilvel.sanka\eclipse-workspace\Anglo_America2"/>
    <property name="java.vm.compressedOopsMode" value="Zero based"/>
    <property name="line.separator" value="&#10;"/>
    <property name="java.vm.specification.vendor" value="Oracle Corporation"/>
    <property name="java.specification.name" value="Java Platform API Specification"/>
    <property name="surefire.real.class.path" value="C:\Users\SENTHI~1.SAN\AppData\Local\Temp\surefire7476963610337315480\surefirebooter10190984655467119376.jar"/>
    <property name="user.script" value=""/>
    <property name="sun.management.compiler" value="HotSpot 64-Bit Tiered Compilers"/>
    <property name="java.runtime.version" value="17.0.1+12"/>
    <property name="user.name" value="senthilvel.sanka"/>
    <property name="path.separator" value=";"/>
    <property name="os.version" value="10.0"/>
    <property name="java.runtime.name" value="OpenJDK Runtime Environment"/>
    <property name="file.encoding" value="Cp1252"/>
    <property name="java.vm.name" value="OpenJDK 64-Bit Server VM"/>
    <property name="java.vendor.version" value="Temurin-17.0.1+12"/>
    <property name="localRepository" value="C:\Users\senthilvel.sanka\.m2\repository"/>
    <property name="java.vendor.url.bug" value="https://github.com/adoptium/adoptium-support/issues"/>
    <property name="java.io.tmpdir" value="C:\Users\SENTHI~1.SAN\AppData\Local\Temp\"/>
    <property name="java.version" value="17.0.1"/>
    <property name="user.dir" value="C:\Users\senthilvel.sanka\eclipse-workspace\Anglo_America2"/>
    <property name="os.arch" value="amd64"/>
    <property name="java.vm.specification.name" value="Java Virtual Machine Specification"/>
    <property name="sun.os.patch.level" value=""/>
    <property name="native.encoding" value="Cp1252"/>
    <property name="java.library.path" value="C:\PlatformX\eclipse-java-2021-12-R-win32-x86_64\eclipse\plugins\org.eclipse.justj.openjdk.hotspot.jre.full.win32.x86_64_17.0.1.v20211116-1657\jre\bin;C:\Windows\Sun\Java\bin;C:\Windows\system32;C:\Windows;C:/PlatformX/eclipse-java-2021-12-R-win32-x86_64/eclipse//plugins/org.eclipse.justj.openjdk.hotspot.jre.full.win32.x86_64_17.0.1.v20211116-1657/jre/bin/server;C:/PlatformX/eclipse-java-2021-12-R-win32-x86_64/eclipse//plugins/org.eclipse.justj.openjdk.hotspot.jre.full.win32.x86_64_17.0.1.v20211116-1657/jre/bin;C:\Program Files (x86)\Common Files\Oracle\Java\javapath;C:\Windows\system32;C:\Windows;C:\Windows\System32\Wbem;C:\Windows\System32\WindowsPowerShell\v1.0\;C:\Windows\System32\OpenSSH\;C:\Windows\CCM;C:\Users\senthilvel.sanka\AppData\Local\Microsoft\WindowsApps;;C:\PlatformX\eclipse-java-2021-12-R-win32-x86_64\eclipse;;."/>
    <property name="java.vm.info" value="mixed mode"/>
    <property name="java.vendor" value="Eclipse Adoptium"/>
    <property name="java.vm.version" value="17.0.1+12"/>
    <property name="sun.io.unicode.encoding" value="UnicodeLittle"/>
    <property name="java.class.version" value="61.0"/>
  </properties>
  <testcase name="Verifyloginbutton" classname="web.test.changePassword.ChangePasswordTest" time="100.717">
    <failure message="Expected condition failed: waiting for visibility of Proxy element for: DefaultElementLocator &apos;By.xpath: //span[text()=&apos;Login&apos;]/parent::button&apos; (tried for 100 second(s) with 500 milliseconds interval)" type="org.openqa.selenium.TimeoutException">org.openqa.selenium.TimeoutException: Expected condition failed: waiting for visibility of Proxy element for: DefaultElementLocator 'By.xpath: //span[text()='Login']/parent::button' (tried for 100 second(s) with 500 milliseconds interval)
	at web.test.changePassword.ChangePasswordTest.Verifyloginbutton(ChangePasswordTest.java:17)
Caused by: org.openqa.selenium.NoSuchElementException: 
no such element: Unable to locate element: {"method":"xpath","selector":"//span[text()='Login']/parent::button"}
  (Session info: chrome=96.0.4664.110)
For documentation on this error, please visit: http://seleniumhq.org/exceptions/no_such_element.html
Build info: version: '3.12.0', revision: '7c6e0b3', time: '2018-05-08T14:04:26.12Z'
System info: host: 'LP-5CD138BJL2', ip: '192.168.1.16', os.name: 'Windows 10', os.arch: 'amd64', os.version: '10.0', java.version: '17.0.1'
Driver info: org.openqa.selenium.chrome.ChromeDriver
Capabilities {acceptInsecureCerts: false, browserName: chrome, browserVersion: 96.0.4664.110, chrome: {chromedriverVersion: 96.0.4664.45 (76e4c1bb2ab46..., userDataDir: C:\Users\SENTHI~1.SAN\AppDa...}, goog:chromeOptions: {debuggerAddress: localhost:63702}, javascriptEnabled: true, networkConnectionEnabled: false, pageLoadStrategy: normal, platform: WINDOWS, platformName: WINDOWS, proxy: Proxy(), setWindowRect: true, strictFileInteractability: false, timeouts: {implicit: 0, pageLoad: 300000, script: 30000}, unhandledPromptBehavior: dismiss and notify, webauthn:extension:credBlob: true, webauthn:extension:largeBlob: true, webauthn:virtualAuthenticators: true}
Session ID: fa584fefe719be3614bcc0b53c24044d
*** Element info: {Using=xpath, value=//span[text()='Login']/parent::button}
	at web.test.changePassword.ChangePasswordTest.Verifyloginbutton(ChangePasswordTest.java:17)
</failure>
    <system-out><![CDATA[12-28-2021 15:48:09 Log.java INFO  [main] utility.Log 16 - **************************************************************************************
12-28-2021 15:48:09 Log.java INFO  [main] utility.Log 18 - $$$$$$$$$$$$$$$$$$ TestMethod Name: Verifyloginbutton       $$$$$$$$$$$$$$$$$$
12-28-2021 15:48:09 Log.java INFO  [main] utility.Log 20 - **************************************************************************************
12-28-2021 15:48:09 Log.java INFO  [main] utility.Log 33 - Browser Name: chrome
12-28-2021 15:48:09 Log.java INFO  [main] utility.Log 33 - Browser Version: 96.0.4664.110
12-28-2021 15:48:09 Log.java INFO  [main] utility.Log 33 - Testcase Execution started
]]></system-out>
    <system-err><![CDATA[Starting ChromeDriver 96.0.4664.45 (76e4c1bb2ab4671b8beba3444e61c0f17584b2fc-refs/branch-heads/4664@{#947}) on port 13651
Only local connections are allowed.
Please see https://chromedriver.chromium.org/security-considerations for suggestions on keeping ChromeDriver safe.
ChromeDriver was started successfully.
Dec 28, 2021 3:48:05 PM org.openqa.selenium.remote.ProtocolHandshake createSession
INFO: Detected dialect: W3C
]]></system-err>
  </testcase>
  <testcase name="Verifyusernamepassword" classname="web.test.changePassword.ChangePasswordTest" time="100.374">
    <failure message="Expected condition failed: waiting for visibility of Proxy element for: DefaultElementLocator &apos;By.xpath: //span[text()=&apos;Login&apos;]/parent::button&apos; (tried for 100 second(s) with 500 milliseconds interval)" type="org.openqa.selenium.TimeoutException">org.openqa.selenium.TimeoutException: Expected condition failed: waiting for visibility of Proxy element for: DefaultElementLocator 'By.xpath: //span[text()='Login']/parent::button' (tried for 100 second(s) with 500 milliseconds interval)
	at web.test.changePassword.ChangePasswordTest.Verifyusernamepassword(ChangePasswordTest.java:24)
Caused by: org.openqa.selenium.NoSuchElementException: 
no such element: Unable to locate element: {"method":"xpath","selector":"//span[text()='Login']/parent::button"}
  (Session info: chrome=96.0.4664.110)
For documentation on this error, please visit: http://seleniumhq.org/exceptions/no_such_element.html
Build info: version: '3.12.0', revision: '7c6e0b3', time: '2018-05-08T14:04:26.12Z'
System info: host: 'LP-5CD138BJL2', ip: '192.168.1.16', os.name: 'Windows 10', os.arch: 'amd64', os.version: '10.0', java.version: '17.0.1'
Driver info: org.openqa.selenium.chrome.ChromeDriver
Capabilities {acceptInsecureCerts: false, browserName: chrome, browserVersion: 96.0.4664.110, chrome: {chromedriverVersion: 96.0.4664.45 (76e4c1bb2ab46..., userDataDir: C:\Users\SENTHI~1.SAN\AppDa...}, goog:chromeOptions: {debuggerAddress: localhost:63767}, javascriptEnabled: true, networkConnectionEnabled: false, pageLoadStrategy: normal, platform: WINDOWS, platformName: WINDOWS, proxy: Proxy(), setWindowRect: true, strictFileInteractability: false, timeouts: {implicit: 0, pageLoad: 300000, script: 30000}, unhandledPromptBehavior: dismiss and notify, webauthn:extension:credBlob: true, webauthn:extension:largeBlob: true, webauthn:virtualAuthenticators: true}
Session ID: 880df2185b194433ee06179eab7fb104
*** Element info: {Using=xpath, value=//span[text()='Login']/parent::button}
	at web.test.changePassword.ChangePasswordTest.Verifyusernamepassword(ChangePasswordTest.java:24)
</failure>
    <system-out><![CDATA[12-28-2021 15:49:50 Log.java INFO  [main] utility.Log 33 - Testcase Execution completed
12-28-2021 15:49:50 Log.java INFO  [main] utility.Log 26 - ***************************     -E---N---D-    ******************************
12-28-2021 15:50:08 Log.java INFO  [main] utility.Log 16 - **************************************************************************************
12-28-2021 15:50:08 Log.java INFO  [main] utility.Log 18 - $$$$$$$$$$$$$$$$$$ TestMethod Name: Verifyusernamepassword       $$$$$$$$$$$$$$$$$$
12-28-2021 15:50:08 Log.java INFO  [main] utility.Log 20 - **************************************************************************************
12-28-2021 15:50:08 Log.java INFO  [main] utility.Log 33 - Browser Name: chrome
12-28-2021 15:50:08 Log.java INFO  [main] utility.Log 33 - Browser Version: 96.0.4664.110
12-28-2021 15:50:08 Log.java INFO  [main] utility.Log 33 - Testcase Execution started
]]></system-out>
    <system-err><![CDATA[Starting ChromeDriver 96.0.4664.45 (76e4c1bb2ab4671b8beba3444e61c0f17584b2fc-refs/branch-heads/4664@{#947}) on port 46375
Only local connections are allowed.
Please see https://chromedriver.chromium.org/security-considerations for suggestions on keeping ChromeDriver safe.
ChromeDriver was started successfully.
Dec 28, 2021 3:49:56 PM org.openqa.selenium.remote.ProtocolHandshake createSession
INFO: Detected dialect: W3C
]]></system-err>
  </testcase>
</testsuite>