<?xml version="1.0" encoding="UTF-8"?>
<!-- Generated by org.testng.reporters.JUnitReportReporter -->
<testsuite hostname="LP-5CD138BJL2" failures="0" tests="3" name="web.test.changePassword.ChangePasswordTest" time="11.004" errors="2" timestamp="09 Feb 2022 07:30:37 GMT" skipped="1">
  <testcase classname="web.test.changePassword.ChangePasswordTest" name="afterMethod" time="0.017">
    <error message="Cannot invoke &quot;org.openqa.selenium.WebDriver.close()&quot; because &quot;web.testBase.WebBaseClass.driver&quot; is null" type="java.lang.NullPointerException">
      <![CDATA[java.lang.NullPointerException: Cannot invoke "org.openqa.selenium.WebDriver.close()" because "web.testBase.WebBaseClass.driver" is null
at web.testBase.WebBaseClass.afterMethod(WebBaseClass.java:123)
at java.base/jdk.internal.reflect.NativeMethodAccessorImpl.invoke0(Native Method)
at java.base/jdk.internal.reflect.NativeMethodAccessorImpl.invoke(NativeMethodAccessorImpl.java:77)
at java.base/jdk.internal.reflect.DelegatingMethodAccessorImpl.invoke(DelegatingMethodAccessorImpl.java:43)
at java.base/java.lang.reflect.Method.invoke(Method.java:568)
at org.testng.internal.MethodInvocationHelper.invokeMethod(MethodInvocationHelper.java:124)
at org.testng.internal.MethodInvocationHelper.invokeMethodConsideringTimeout(MethodInvocationHelper.java:59)
at org.testng.internal.Invoker.invokeConfigurationMethod(Invoker.java:458)
at org.testng.internal.Invoker.invokeConfigurations(Invoker.java:222)
at org.testng.internal.Invoker.invokeMethod(Invoker.java:536)
at org.testng.internal.Invoker.invokeTestMethod(Invoker.java:719)
at org.testng.internal.Invoker.invokeTestMethods(Invoker.java:989)
at org.testng.internal.TestMethodWorker.invokeTestMethods(TestMethodWorker.java:125)
at org.testng.internal.TestMethodWorker.run(TestMethodWorker.java:109)
at org.testng.TestRunner.privateRun(TestRunner.java:648)
at org.testng.TestRunner.run(TestRunner.java:505)
at org.testng.SuiteRunner.runTest(SuiteRunner.java:455)
at org.testng.SuiteRunner.runSequentially(SuiteRunner.java:450)
at org.testng.SuiteRunner.privateRun(SuiteRunner.java:415)
at org.testng.SuiteRunner.run(SuiteRunner.java:364)
at org.testng.SuiteRunnerWorker.runSuite(SuiteRunnerWorker.java:52)
at org.testng.SuiteRunnerWorker.run(SuiteRunnerWorker.java:84)
at org.testng.TestNG.runSuitesSequentially(TestNG.java:1208)
at org.testng.TestNG.runSuitesLocally(TestNG.java:1137)
at org.testng.TestNG.runSuites(TestNG.java:1049)
at org.testng.TestNG.run(TestNG.java:1017)
at org.testng.remote.AbstractRemoteTestNG.run(AbstractRemoteTestNG.java:115)
at org.testng.remote.RemoteTestNG.initAndRun(RemoteTestNG.java:251)
at org.testng.remote.RemoteTestNG.main(RemoteTestNG.java:77)
]]>
    </error>
  </testcase> <!-- afterMethod -->
  <testcase classname="web.test.changePassword.ChangePasswordTest" name="beforeMethod" time="10.987">
    <error message="io.github.bonigarcia.wdm.config.WebDriverManagerException: Error HTTP 403 executing https://github.com/mozilla/geckodriver/releases/download/v0.30.0/geckodriver-v0.30.0-win64.zip" type="io.github.bonigarcia.wdm.config.WebDriverManagerException">
      <![CDATA[io.github.bonigarcia.wdm.config.WebDriverManagerException: io.github.bonigarcia.wdm.config.WebDriverManagerException: Error HTTP 403 executing https://github.com/mozilla/geckodriver/releases/download/v0.30.0/geckodriver-v0.30.0-win64.zip
at io.github.bonigarcia.wdm.WebDriverManager.handleException(WebDriverManager.java:747)
at io.github.bonigarcia.wdm.WebDriverManager.manage(WebDriverManager.java:541)
at io.github.bonigarcia.wdm.WebDriverManager.handleException(WebDriverManager.java:744)
at io.github.bonigarcia.wdm.WebDriverManager.manage(WebDriverManager.java:541)
at io.github.bonigarcia.wdm.WebDriverManager.setup(WebDriverManager.java:277)
at web.testBase.WebBaseClass.selectBrowser(WebBaseClass.java:90)
at web.testBase.WebBaseClass.init(WebBaseClass.java:65)
at web.testBase.WebBaseClass.beforeMethod(WebBaseClass.java:60)
at java.base/jdk.internal.reflect.NativeMethodAccessorImpl.invoke0(Native Method)
at java.base/jdk.internal.reflect.NativeMethodAccessorImpl.invoke(NativeMethodAccessorImpl.java:77)
at java.base/jdk.internal.reflect.DelegatingMethodAccessorImpl.invoke(DelegatingMethodAccessorImpl.java:43)
at java.base/java.lang.reflect.Method.invoke(Method.java:568)
at org.testng.internal.MethodInvocationHelper.invokeMethod(MethodInvocationHelper.java:124)
at org.testng.internal.MethodInvocationHelper.invokeMethodConsideringTimeout(MethodInvocationHelper.java:59)
at org.testng.internal.Invoker.invokeConfigurationMethod(Invoker.java:458)
at org.testng.internal.Invoker.invokeConfigurations(Invoker.java:222)
at org.testng.internal.Invoker.invokeMethod(Invoker.java:523)
at org.testng.internal.Invoker.invokeTestMethod(Invoker.java:719)
at org.testng.internal.Invoker.invokeTestMethods(Invoker.java:989)
at org.testng.internal.TestMethodWorker.invokeTestMethods(TestMethodWorker.java:125)
at org.testng.internal.TestMethodWorker.run(TestMethodWorker.java:109)
at org.testng.TestRunner.privateRun(TestRunner.java:648)
at org.testng.TestRunner.run(TestRunner.java:505)
at org.testng.SuiteRunner.runTest(SuiteRunner.java:455)
at org.testng.SuiteRunner.runSequentially(SuiteRunner.java:450)
at org.testng.SuiteRunner.privateRun(SuiteRunner.java:415)
at org.testng.SuiteRunner.run(SuiteRunner.java:364)
at org.testng.SuiteRunnerWorker.runSuite(SuiteRunnerWorker.java:52)
at org.testng.SuiteRunnerWorker.run(SuiteRunnerWorker.java:84)
at org.testng.TestNG.runSuitesSequentially(TestNG.java:1208)
at org.testng.TestNG.runSuitesLocally(TestNG.java:1137)
at org.testng.TestNG.runSuites(TestNG.java:1049)
at org.testng.TestNG.run(TestNG.java:1017)
at org.testng.remote.AbstractRemoteTestNG.run(AbstractRemoteTestNG.java:115)
at org.testng.remote.RemoteTestNG.initAndRun(RemoteTestNG.java:251)
at org.testng.remote.RemoteTestNG.main(RemoteTestNG.java:77)
Caused by: io.github.bonigarcia.wdm.config.WebDriverManagerException: Error HTTP 403 executing https://github.com/mozilla/geckodriver/releases/download/v0.30.0/geckodriver-v0.30.0-win64.zip
at io.github.bonigarcia.wdm.online.HttpClient.execute(HttpClient.java:152)
at io.github.bonigarcia.wdm.online.Downloader.downloadAndExtract(Downloader.java:131)
at io.github.bonigarcia.wdm.online.Downloader.download(Downloader.java:86)
at io.github.bonigarcia.wdm.WebDriverManager.download(WebDriverManager.java:605)
at io.github.bonigarcia.wdm.WebDriverManager.manage(WebDriverManager.java:535)
... 34 more
]]>
    </error>
  </testcase> <!-- beforeMethod -->
  <testcase classname="web.test.changePassword.ChangePasswordTest" name="Verifyusernamepassword" time="0.000">
    <skipped/>
  </testcase> <!-- Verifyusernamepassword -->
</testsuite> <!-- web.test.changePassword.ChangePasswordTest -->
